<?xml version="1.0" encoding="UTF-8"?>
<!-- Generated by org.testng.reporters.JUnitReportReporter -->
<testsuite skipped="0" hostname="Gopi-PC" name="trHubJUnitTestCases.TestTRHubAutomation" tests="1" failures="0" timestamp="13 Aug 2018 07:20:10 GMT" time="52.893" errors="0">
  <testcase name="automationOfManageSAFEAccountF1" time="52.893" classname="trHubJUnitTestCases.TestTRHubAutomation"/>
</testsuite> <!-- trHubJUnitTestCases.TestTRHubAutomation -->
